<?xml version="1.0" encoding="UTF-8"?>
<testsuite xmlns:xsi="http://www.w3.org/2001/XMLSchema-instance" xsi:noNamespaceSchemaLocation="https://maven.apache.org/surefire/maven-surefire-plugin/xsd/surefire-test-report-3.0.xsd" version="3.0" name="com.ilearn.junit.CalculatorTest" time="0.037" tests="5" errors="0" skipped="0" failures="0">
  <properties>
[...]
</properties>
  <testcase name="test_addition_failure" classname="com.ilearn.junit.CalculatorTest" time="0.006">
    <system-out><![CDATA[getting all connections CalculatorTest
prepare environmentbefore test failure addition
cleanup environmentbefore test failure addition
]]></system-out>
  </testcase>
  <testcase name="test_nullResponse" classname="com.ilearn.junit.CalculatorTest" time="0.002">
    <system-out><![CDATA[prepare environmentbefore test test_nullResponse()
cleanup environmentbefore test test_nullResponse()
]]></system-out>
  </testcase>
  <testcase name="test_TrueResponse" classname="com.ilearn.junit.CalculatorTest" time="0.002">
    <system-out><![CDATA[prepare environmentbefore test test_TrueResponse()
cleanup environmentbefore test test_TrueResponse()
]]></system-out>
  </testcase>
  <testcase name="test_exceptions" classname="com.ilearn.junit.CalculatorTest" time="0.003">
    <system-out><![CDATA[prepare environmentbefore test test_exceptions()
cleanup environmentbefore test test_exceptions()
]]></system-out>
  </testcase>
  <testcase name="test_addition_success" classname="com.ilearn.junit.CalculatorTest" time="0.004">
    <system-out><![CDATA[prepare environmentbefore test successful addition
cleanup environmentbefore test successful addition
]]></system-out>
  </testcase>
</testsuite>